total 17
-rwxr-xr-x 1 91984 197609 159 Feb 27 07:50 02-varibles.sh*
-rwxr-xr-x 1 91984 197609 176 Sep 22 15:52 04-varibles.sh*
-rwxr-xr-x 1 91984 197609  42 Sep 22 16:11 06-environamentvar.sh*
-rwxr-xr-x 1 91984 197609  53 Sep 22 16:20 07-output.sh*
-rwxr-xr-x 1 91984 197609 321 Sep 22 16:58 08-specialvar.sh*
-rwxr-xr-x 1 91984 197609 323 Sep 22 17:26 09-datatypes.sh*
-rwxr-xr-x 1 91984 197609 162 Feb 28 06:37 10-conditions.sh*
-rwxr-xr-x 1 91984 197609 180 Feb 28 06:40 11-evenodd.sh*
-rwxr-xr-x 1 91984 197609  73 Sep 27 16:13 12-primeornot*
-rwxr-xr-x 1 91984 197609 268 Sep 27 17:06 13-Installations.sh*
-rwxr-xr-x 1 91984 197609 453 Sep 27 17:32 14-installtionfunc.sh*
-rwxr-xr-x 1 91984 197609 146 Feb 28 07:38 15-colors.sh*
-rwxr-xr-x 1 91984 197609 535 Feb 28 08:07 16-colours-installtion.sh*
-rwxr-xr-x 1 91984 197609  65 Sep 21 19:16 Helloworld.sh*
drwxr-xr-x 1 91984 197609   0 Feb 27 16:07 Shell/
-rwxr-xr-x 1 91984 197609 182 Feb 27 08:41 dynamic-arg.sh*
-rw-r--r-- 1 91984 197609   0 Feb 28 08:13 output.log
-rwxr-xr-x 1 91984 197609 243 Feb 28 07:02 simpleprime.sh*
-rwxr-xr-x 1 91984 197609 150 Sep 22 15:47 varibles.sh*
